
> siemka-design-tool@0.1.0 dev
> next dev

   ▲ Next.js 15.3.0
   - Local:        http://localhost:3000
   - Network:      http://192.168.0.2:3000
   - Environments: .env.local
   - Experiments (use with caution):
     ✓ optimizeCss
     ✓ typedRoutes
     ✓ forceSwcTransforms

 ✓ Starting...
 ✓ Ready in 2.3s
 ○ Compiling /middleware ...
 ✓ Compiled /middleware in 1208ms (248 modules)
 ○ Compiling / ...
Browserslist: browsers data (caniuse-lite) is 10 months old. Please run:
  npx update-browserslist-db@latest
  Why you should do it regularly: https://github.com/browserslist/update-db#readme
 ✓ Compiled / in 7.5s (1481 modules)
 GET / 200 in 8286ms
 GET / 200 in 82ms
 GET / 200 in 79ms
